<?xml version="1.0" encoding="UTF-8"?>
<testsuite xmlns:xsi="http://www.w3.org/2001/XMLSchema-instance" xsi:noNamespaceSchemaLocation="https://maven.apache.org/surefire/maven-surefire-plugin/xsd/surefire-test-report-3.0.xsd" version="3.0" name="com.mycompany.helloworld.health.TestHealthCheck" time="0.026" tests="2" errors="0" skipped="0" failures="0">
  <properties>
    <property name="java.specification.version" value="17"/>
    <property name="sun.jnu.encoding" value="UTF-8"/>
    <property name="java.class.path" value="/Users/mohammad.arshad/Documents/otel/dropwizard-otel/target/test-classes:/Users/mohammad.arshad/Documents/otel/dropwizard-otel/target/classes:/Users/mohammad.arshad/.m2/repository/io/dropwizard/dropwizard-core/2.0.0/dropwizard-core-2.0.0.jar:/Users/mohammad.arshad/.m2/repository/io/dropwizard/dropwizard-util/2.0.0/dropwizard-util-2.0.0.jar:/Users/mohammad.arshad/.m2/repository/com/fasterxml/jackson/core/jackson-annotations/2.10.1/jackson-annotations-2.10.1.jar:/Users/mohammad.arshad/.m2/repository/com/google/guava/guava/28.1-jre/guava-28.1-jre.jar:/Users/mohammad.arshad/.m2/repository/com/google/guava/failureaccess/1.0.1/failureaccess-1.0.1.jar:/Users/mohammad.arshad/.m2/repository/com/google/guava/listenablefuture/9999.0-empty-to-avoid-conflict-with-guava/listenablefuture-9999.0-empty-to-avoid-conflict-with-guava.jar:/Users/mohammad.arshad/.m2/repository/org/checkerframework/checker-qual/2.8.1/checker-qual-2.8.1.jar:/Users/mohammad.arshad/.m2/repository/com/google/errorprone/error_prone_annotations/2.3.2/error_prone_annotations-2.3.2.jar:/Users/mohammad.arshad/.m2/repository/com/google/j2objc/j2objc-annotations/1.3/j2objc-annotations-1.3.jar:/Users/mohammad.arshad/.m2/repository/org/codehaus/mojo/animal-sniffer-annotations/1.18/animal-sniffer-annotations-1.18.jar:/Users/mohammad.arshad/.m2/repository/com/google/code/findbugs/jsr305/3.0.2/jsr305-3.0.2.jar:/Users/mohammad.arshad/.m2/repository/joda-time/joda-time/2.10.5/joda-time-2.10.5.jar:/Users/mohammad.arshad/.m2/repository/io/dropwizard/dropwizard-jackson/2.0.0/dropwizard-jackson-2.0.0.jar:/Users/mohammad.arshad/.m2/repository/com/github/ben-manes/caffeine/caffeine/2.8.0/caffeine-2.8.0.jar:/Users/mohammad.arshad/.m2/repository/com/fasterxml/jackson/core/jackson-core/2.10.1/jackson-core-2.10.1.jar:/Users/mohammad.arshad/.m2/repository/com/fasterxml/jackson/core/jackson-databind/2.10.1/jackson-databind-2.10.1.jar:/Users/mohammad.arshad/.m2/repository/com/fasterxml/jackson/datatype/jackson-datatype-guava/2.10.1/jackson-datatype-guava-2.10.1.jar:/Users/mohammad.arshad/.m2/repository/com/fasterxml/jackson/datatype/jackson-datatype-jsr310/2.10.1/jackson-datatype-jsr310-2.10.1.jar:/Users/mohammad.arshad/.m2/repository/com/fasterxml/jackson/datatype/jackson-datatype-jdk8/2.10.1/jackson-datatype-jdk8-2.10.1.jar:/Users/mohammad.arshad/.m2/repository/com/fasterxml/jackson/module/jackson-module-parameter-names/2.10.1/jackson-module-parameter-names-2.10.1.jar:/Users/mohammad.arshad/.m2/repository/com/fasterxml/jackson/module/jackson-module-afterburner/2.10.1/jackson-module-afterburner-2.10.1.jar:/Users/mohammad.arshad/.m2/repository/com/fasterxml/jackson/datatype/jackson-datatype-joda/2.10.1/jackson-datatype-joda-2.10.1.jar:/Users/mohammad.arshad/.m2/repository/org/slf4j/slf4j-api/1.7.29/slf4j-api-1.7.29.jar:/Users/mohammad.arshad/.m2/repository/io/dropwizard/dropwizard-validation/2.0.0/dropwizard-validation-2.0.0.jar:/Users/mohammad.arshad/.m2/repository/org/hibernate/validator/hibernate-validator/6.1.0.Final/hibernate-validator-6.1.0.Final.jar:/Users/mohammad.arshad/.m2/repository/jakarta/validation/jakarta.validation-api/2.0.2/jakarta.validation-api-2.0.2.jar:/Users/mohammad.arshad/.m2/repository/org/jboss/logging/jboss-logging/3.3.2.Final/jboss-logging-3.3.2.Final.jar:/Users/mohammad.arshad/.m2/repository/com/fasterxml/classmate/1.3.4/classmate-1.3.4.jar:/Users/mohammad.arshad/.m2/repository/org/glassfish/jakarta.el/3.0.3/jakarta.el-3.0.3.jar:/Users/mohammad.arshad/.m2/repository/org/javassist/javassist/3.26.0-GA/javassist-3.26.0-GA.jar:/Users/mohammad.arshad/.m2/repository/io/dropwizard/dropwizard-configuration/2.0.0/dropwizard-configuration-2.0.0.jar:/Users/mohammad.arshad/.m2/repository/com/fasterxml/jackson/dataformat/jackson-dataformat-yaml/2.10.1/jackson-dataformat-yaml-2.10.1.jar:/Users/mohammad.arshad/.m2/repository/org/yaml/snakeyaml/1.24/snakeyaml-1.24.jar:/Users/mohammad.arshad/.m2/repository/org/apache/commons/commons-lang3/3.9/commons-lang3-3.9.jar:/Users/mohammad.arshad/.m2/repository/org/apache/commons/commons-text/1.8/commons-text-1.8.jar:/Users/mohammad.arshad/.m2/repository/io/dropwizard/dropwizard-logging/2.0.0/dropwizard-logging-2.0.0.jar:/Users/mohammad.arshad/.m2/repository/io/dropwizard/metrics/metrics-logback/4.1.2/metrics-logback-4.1.2.jar:/Users/mohammad.arshad/.m2/repository/org/slf4j/jul-to-slf4j/1.7.29/jul-to-slf4j-1.7.29.jar:/Users/mohammad.arshad/.m2/repository/ch/qos/logback/logback-core/1.2.3/logback-core-1.2.3.jar:/Users/mohammad.arshad/.m2/repository/ch/qos/logback/logback-classic/1.2.3/logback-classic-1.2.3.jar:/Users/mohammad.arshad/.m2/repository/io/dropwizard/logback/logback-throttling-appender/1.1.0/logback-throttling-appender-1.1.0.jar:/Users/mohammad.arshad/.m2/repository/org/slf4j/log4j-over-slf4j/1.7.29/log4j-over-slf4j-1.7.29.jar:/Users/mohammad.arshad/.m2/repository/org/slf4j/jcl-over-slf4j/1.7.29/jcl-over-slf4j-1.7.29.jar:/Users/mohammad.arshad/.m2/repository/org/eclipse/jetty/jetty-util/9.4.24.v20191120/jetty-util-9.4.24.v20191120.jar:/Users/mohammad.arshad/.m2/repository/io/dropwizard/dropwizard-metrics/2.0.0/dropwizard-metrics-2.0.0.jar:/Users/mohammad.arshad/.m2/repository/io/dropwizard/dropwizard-jersey/2.0.0/dropwizard-jersey-2.0.0.jar:/Users/mohammad.arshad/.m2/repository/org/glassfish/jersey/core/jersey-server/2.29.1/jersey-server-2.29.1.jar:/Users/mohammad.arshad/.m2/repository/org/glassfish/jersey/core/jersey-common/2.29.1/jersey-common-2.29.1.jar:/Users/mohammad.arshad/.m2/repository/org/glassfish/hk2/osgi-resource-locator/1.0.3/osgi-resource-locator-1.0.3.jar:/Users/mohammad.arshad/.m2/repository/com/sun/activation/jakarta.activation/1.2.1/jakarta.activation-1.2.1.jar:/Users/mohammad.arshad/.m2/repository/jakarta/ws/rs/jakarta.ws.rs-api/2.1.6/jakarta.ws.rs-api-2.1.6.jar:/Users/mohammad.arshad/.m2/repository/org/glassfish/jersey/media/jersey-media-jaxb/2.29.1/jersey-media-jaxb-2.29.1.jar:/Users/mohammad.arshad/.m2/repository/jakarta/annotation/jakarta.annotation-api/1.3.5/jakarta.annotation-api-1.3.5.jar:/Users/mohammad.arshad/.m2/repository/org/glassfish/hk2/external/jakarta.inject/2.6.1/jakarta.inject-2.6.1.jar:/Users/mohammad.arshad/.m2/repository/jakarta/xml/bind/jakarta.xml.bind-api/2.3.2/jakarta.xml.bind-api-2.3.2.jar:/Users/mohammad.arshad/.m2/repository/jakarta/activation/jakarta.activation-api/1.2.1/jakarta.activation-api-1.2.1.jar:/Users/mohammad.arshad/.m2/repository/org/glassfish/jersey/ext/jersey-metainf-services/2.29.1/jersey-metainf-services-2.29.1.jar:/Users/mohammad.arshad/.m2/repository/org/glassfish/jersey/ext/jersey-bean-validation/2.29.1/jersey-bean-validation-2.29.1.jar:/Users/mohammad.arshad/.m2/repository/org/glassfish/jersey/inject/jersey-hk2/2.29.1/jersey-hk2-2.29.1.jar:/Users/mohammad.arshad/.m2/repository/org/glassfish/hk2/hk2-locator/2.6.1/hk2-locator-2.6.1.jar:/Users/mohammad.arshad/.m2/repository/org/glassfish/hk2/external/aopalliance-repackaged/2.6.1/aopalliance-repackaged-2.6.1.jar:/Users/mohammad.arshad/.m2/repository/org/glassfish/hk2/hk2-api/2.6.1/hk2-api-2.6.1.jar:/Users/mohammad.arshad/.m2/repository/org/glassfish/hk2/hk2-utils/2.6.1/hk2-utils-2.6.1.jar:/Users/mohammad.arshad/.m2/repository/io/dropwizard/metrics/metrics-jersey2/4.1.2/metrics-jersey2-4.1.2.jar:/Users/mohammad.arshad/.m2/repository/com/fasterxml/jackson/jaxrs/jackson-jaxrs-json-provider/2.10.1/jackson-jaxrs-json-provider-2.10.1.jar:/Users/mohammad.arshad/.m2/repository/com/fasterxml/jackson/jaxrs/jackson-jaxrs-base/2.10.1/jackson-jaxrs-base-2.10.1.jar:/Users/mohammad.arshad/.m2/repository/com/fasterxml/jackson/module/jackson-module-jaxb-annotations/2.10.1/jackson-module-jaxb-annotations-2.10.1.jar:/Users/mohammad.arshad/.m2/repository/org/glassfish/jersey/containers/jersey-container-servlet/2.29.1/jersey-container-servlet-2.29.1.jar:/Users/mohammad.arshad/.m2/repository/org/glassfish/jersey/containers/jersey-container-servlet-core/2.29.1/jersey-container-servlet-core-2.29.1.jar:/Users/mohammad.arshad/.m2/repository/org/eclipse/jetty/jetty-server/9.4.24.v20191120/jetty-server-9.4.24.v20191120.jar:/Users/mohammad.arshad/.m2/repository/javax/servlet/javax.servlet-api/3.1.0/javax.servlet-api-3.1.0.jar:/Users/mohammad.arshad/.m2/repository/org/eclipse/jetty/jetty-io/9.4.24.v20191120/jetty-io-9.4.24.v20191120.jar:/Users/mohammad.arshad/.m2/repository/org/eclipse/jetty/jetty-webapp/9.4.24.v20191120/jetty-webapp-9.4.24.v20191120.jar:/Users/mohammad.arshad/.m2/repository/org/eclipse/jetty/jetty-xml/9.4.24.v20191120/jetty-xml-9.4.24.v20191120.jar:/Users/mohammad.arshad/.m2/repository/org/eclipse/jetty/jetty-continuation/9.4.24.v20191120/jetty-continuation-9.4.24.v20191120.jar:/Users/mohammad.arshad/.m2/repository/javax/xml/bind/jaxb-api/2.3.1/jaxb-api-2.3.1.jar:/Users/mohammad.arshad/.m2/repository/javax/activation/javax.activation-api/1.2.0/javax.activation-api-1.2.0.jar:/Users/mohammad.arshad/.m2/repository/io/dropwizard/dropwizard-servlets/2.0.0/dropwizard-servlets-2.0.0.jar:/Users/mohammad.arshad/.m2/repository/io/dropwizard/metrics/metrics-annotation/4.1.2/metrics-annotation-4.1.2.jar:/Users/mohammad.arshad/.m2/repository/io/dropwizard/dropwizard-jetty/2.0.0/dropwizard-jetty-2.0.0.jar:/Users/mohammad.arshad/.m2/repository/io/dropwizard/metrics/metrics-jetty9/4.1.2/metrics-jetty9-4.1.2.jar:/Users/mohammad.arshad/.m2/repository/org/eclipse/jetty/jetty-servlet/9.4.24.v20191120/jetty-servlet-9.4.24.v20191120.jar:/Users/mohammad.arshad/.m2/repository/org/eclipse/jetty/jetty-security/9.4.24.v20191120/jetty-security-9.4.24.v20191120.jar:/Users/mohammad.arshad/.m2/repository/org/eclipse/jetty/jetty-servlets/9.4.24.v20191120/jetty-servlets-9.4.24.v20191120.jar:/Users/mohammad.arshad/.m2/repository/org/eclipse/jetty/jetty-http/9.4.24.v20191120/jetty-http-9.4.24.v20191120.jar:/Users/mohammad.arshad/.m2/repository/io/dropwizard/dropwizard-lifecycle/2.0.0/dropwizard-lifecycle-2.0.0.jar:/Users/mohammad.arshad/.m2/repository/io/dropwizard/metrics/metrics-core/4.1.2/metrics-core-4.1.2.jar:/Users/mohammad.arshad/.m2/repository/io/dropwizard/metrics/metrics-jvm/4.1.2/metrics-jvm-4.1.2.jar:/Users/mohammad.arshad/.m2/repository/io/dropwizard/metrics/metrics-jmx/4.1.2/metrics-jmx-4.1.2.jar:/Users/mohammad.arshad/.m2/repository/io/dropwizard/metrics/metrics-servlets/4.1.2/metrics-servlets-4.1.2.jar:/Users/mohammad.arshad/.m2/repository/io/dropwizard/metrics/metrics-json/4.1.2/metrics-json-4.1.2.jar:/Users/mohammad.arshad/.m2/repository/com/helger/profiler/1.1.1/profiler-1.1.1.jar:/Users/mohammad.arshad/.m2/repository/io/dropwizard/metrics/metrics-healthchecks/4.1.2/metrics-healthchecks-4.1.2.jar:/Users/mohammad.arshad/.m2/repository/io/dropwizard/dropwizard-request-logging/2.0.0/dropwizard-request-logging-2.0.0.jar:/Users/mohammad.arshad/.m2/repository/ch/qos/logback/logback-access/1.2.3/logback-access-1.2.3.jar:/Users/mohammad.arshad/.m2/repository/net/sourceforge/argparse4j/argparse4j/0.8.1/argparse4j-0.8.1.jar:/Users/mohammad.arshad/.m2/repository/org/eclipse/jetty/toolchain/setuid/jetty-setuid-java/1.0.3/jetty-setuid-java-1.0.3.jar:/Users/mohammad.arshad/.m2/repository/io/dropwizard/dropwizard-testing/2.0.0/dropwizard-testing-2.0.0.jar:/Users/mohammad.arshad/.m2/repository/org/objenesis/objenesis/3.1/objenesis-3.1.jar:/Users/mohammad.arshad/.m2/repository/org/glassfish/jersey/test-framework/providers/jersey-test-framework-provider-inmemory/2.29.1/jersey-test-framework-provider-inmemory-2.29.1.jar:/Users/mohammad.arshad/.m2/repository/org/glassfish/jersey/test-framework/jersey-test-framework-core/2.29.1/jersey-test-framework-core-2.29.1.jar:/Users/mohammad.arshad/.m2/repository/jakarta/servlet/jakarta.servlet-api/4.0.3/jakarta.servlet-api-4.0.3.jar:/Users/mohammad.arshad/.m2/repository/org/glassfish/jersey/core/jersey-client/2.29.1/jersey-client-2.29.1.jar:/Users/mohammad.arshad/.m2/repository/junit/junit/4.12/junit-4.12.jar:/Users/mohammad.arshad/.m2/repository/org/hamcrest/hamcrest-core/1.3/hamcrest-core-1.3.jar:/Users/mohammad.arshad/.m2/repository/io/opentelemetry/opentelemetry-api/1.24.0/opentelemetry-api-1.24.0.jar:/Users/mohammad.arshad/.m2/repository/io/opentelemetry/opentelemetry-context/1.24.0/opentelemetry-context-1.24.0.jar:/Users/mohammad.arshad/.m2/repository/io/opentelemetry/opentelemetry-sdk/1.24.0/opentelemetry-sdk-1.24.0.jar:/Users/mohammad.arshad/.m2/repository/io/opentelemetry/opentelemetry-sdk-common/1.24.0/opentelemetry-sdk-common-1.24.0.jar:/Users/mohammad.arshad/.m2/repository/io/opentelemetry/opentelemetry-sdk-trace/1.24.0/opentelemetry-sdk-trace-1.24.0.jar:/Users/mohammad.arshad/.m2/repository/io/opentelemetry/opentelemetry-sdk-metrics/1.24.0/opentelemetry-sdk-metrics-1.24.0.jar:/Users/mohammad.arshad/.m2/repository/io/opentelemetry/opentelemetry-sdk-logs/1.24.0-alpha/opentelemetry-sdk-logs-1.24.0-alpha.jar:/Users/mohammad.arshad/.m2/repository/io/opentelemetry/opentelemetry-api-logs/1.24.0-alpha/opentelemetry-api-logs-1.24.0-alpha.jar:/Users/mohammad.arshad/.m2/repository/io/opentelemetry/opentelemetry-api-events/1.24.0-alpha/opentelemetry-api-events-1.24.0-alpha.jar:/Users/mohammad.arshad/.m2/repository/io/opentelemetry/opentelemetry-exporter-jaeger/1.24.0/opentelemetry-exporter-jaeger-1.24.0.jar:/Users/mohammad.arshad/.m2/repository/io/opentelemetry/opentelemetry-exporter-common/1.24.0/opentelemetry-exporter-common-1.24.0.jar:/Users/mohammad.arshad/.m2/repository/io/opentelemetry/opentelemetry-semconv/1.24.0-alpha/opentelemetry-semconv-1.24.0-alpha.jar:/Users/mohammad.arshad/.m2/repository/io/opentelemetry/opentelemetry-sdk-extension-autoconfigure-spi/1.24.0/opentelemetry-sdk-extension-autoconfigure-spi-1.24.0.jar:/Users/mohammad.arshad/.m2/repository/com/squareup/okhttp3/okhttp/4.10.0/okhttp-4.10.0.jar:/Users/mohammad.arshad/.m2/repository/com/squareup/okio/okio-jvm/3.0.0/okio-jvm-3.0.0.jar:/Users/mohammad.arshad/.m2/repository/org/jetbrains/kotlin/kotlin-stdlib-jdk8/1.5.31/kotlin-stdlib-jdk8-1.5.31.jar:/Users/mohammad.arshad/.m2/repository/org/jetbrains/kotlin/kotlin-stdlib-jdk7/1.5.31/kotlin-stdlib-jdk7-1.5.31.jar:/Users/mohammad.arshad/.m2/repository/org/jetbrains/kotlin/kotlin-stdlib-common/1.5.31/kotlin-stdlib-common-1.5.31.jar:/Users/mohammad.arshad/.m2/repository/org/jetbrains/kotlin/kotlin-stdlib/1.6.20/kotlin-stdlib-1.6.20.jar:/Users/mohammad.arshad/.m2/repository/org/jetbrains/annotations/13.0/annotations-13.0.jar:/Users/mohammad.arshad/.m2/repository/com/fasterxml/jackson/jr/jackson-jr-objects/2.14.2/jackson-jr-objects-2.14.2.jar:/Users/mohammad.arshad/.m2/repository/org/assertj/assertj-core/3.6.2/assertj-core-3.6.2.jar:/Users/mohammad.arshad/.m2/repository/org/junit/jupiter/junit-jupiter-api/5.4.2/junit-jupiter-api-5.4.2.jar:/Users/mohammad.arshad/.m2/repository/org/apiguardian/apiguardian-api/1.0.0/apiguardian-api-1.0.0.jar:/Users/mohammad.arshad/.m2/repository/org/opentest4j/opentest4j/1.1.1/opentest4j-1.1.1.jar:/Users/mohammad.arshad/.m2/repository/org/junit/platform/junit-platform-commons/1.4.2/junit-platform-commons-1.4.2.jar:/Users/mohammad.arshad/.m2/repository/org/junit/jupiter/junit-jupiter-engine/5.4.2/junit-jupiter-engine-5.4.2.jar:/Users/mohammad.arshad/.m2/repository/org/junit/platform/junit-platform-engine/1.4.2/junit-platform-engine-1.4.2.jar:"/>
    <property name="java.vm.vendor" value="Oracle Corporation"/>
    <property name="sun.arch.data.model" value="64"/>
    <property name="java.vendor.url" value="https://java.oracle.com/"/>
    <property name="os.name" value="Mac OS X"/>
    <property name="java.vm.specification.version" value="17"/>
    <property name="sun.java.launcher" value="SUN_STANDARD"/>
    <property name="user.country" value="IN"/>
    <property name="sun.boot.library.path" value="/Library/Java/JavaVirtualMachines/jdk-17.jdk/Contents/Home/lib"/>
    <property name="sun.java.command" value="/Users/mohammad.arshad/Documents/otel/dropwizard-otel/target/surefire/surefirebooter2668817850658281955.jar /Users/mohammad.arshad/Documents/otel/dropwizard-otel/target/surefire 2024-12-30T12-48-41_405-jvmRun1 surefire3871850688843511293tmp surefire_06316450502437568335tmp"/>
    <property name="jdk.debug" value="release"/>
    <property name="surefire.test.class.path" value="/Users/mohammad.arshad/Documents/otel/dropwizard-otel/target/test-classes:/Users/mohammad.arshad/Documents/otel/dropwizard-otel/target/classes:/Users/mohammad.arshad/.m2/repository/io/dropwizard/dropwizard-core/2.0.0/dropwizard-core-2.0.0.jar:/Users/mohammad.arshad/.m2/repository/io/dropwizard/dropwizard-util/2.0.0/dropwizard-util-2.0.0.jar:/Users/mohammad.arshad/.m2/repository/com/fasterxml/jackson/core/jackson-annotations/2.10.1/jackson-annotations-2.10.1.jar:/Users/mohammad.arshad/.m2/repository/com/google/guava/guava/28.1-jre/guava-28.1-jre.jar:/Users/mohammad.arshad/.m2/repository/com/google/guava/failureaccess/1.0.1/failureaccess-1.0.1.jar:/Users/mohammad.arshad/.m2/repository/com/google/guava/listenablefuture/9999.0-empty-to-avoid-conflict-with-guava/listenablefuture-9999.0-empty-to-avoid-conflict-with-guava.jar:/Users/mohammad.arshad/.m2/repository/org/checkerframework/checker-qual/2.8.1/checker-qual-2.8.1.jar:/Users/mohammad.arshad/.m2/repository/com/google/errorprone/error_prone_annotations/2.3.2/error_prone_annotations-2.3.2.jar:/Users/mohammad.arshad/.m2/repository/com/google/j2objc/j2objc-annotations/1.3/j2objc-annotations-1.3.jar:/Users/mohammad.arshad/.m2/repository/org/codehaus/mojo/animal-sniffer-annotations/1.18/animal-sniffer-annotations-1.18.jar:/Users/mohammad.arshad/.m2/repository/com/google/code/findbugs/jsr305/3.0.2/jsr305-3.0.2.jar:/Users/mohammad.arshad/.m2/repository/joda-time/joda-time/2.10.5/joda-time-2.10.5.jar:/Users/mohammad.arshad/.m2/repository/io/dropwizard/dropwizard-jackson/2.0.0/dropwizard-jackson-2.0.0.jar:/Users/mohammad.arshad/.m2/repository/com/github/ben-manes/caffeine/caffeine/2.8.0/caffeine-2.8.0.jar:/Users/mohammad.arshad/.m2/repository/com/fasterxml/jackson/core/jackson-core/2.10.1/jackson-core-2.10.1.jar:/Users/mohammad.arshad/.m2/repository/com/fasterxml/jackson/core/jackson-databind/2.10.1/jackson-databind-2.10.1.jar:/Users/mohammad.arshad/.m2/repository/com/fasterxml/jackson/datatype/jackson-datatype-guava/2.10.1/jackson-datatype-guava-2.10.1.jar:/Users/mohammad.arshad/.m2/repository/com/fasterxml/jackson/datatype/jackson-datatype-jsr310/2.10.1/jackson-datatype-jsr310-2.10.1.jar:/Users/mohammad.arshad/.m2/repository/com/fasterxml/jackson/datatype/jackson-datatype-jdk8/2.10.1/jackson-datatype-jdk8-2.10.1.jar:/Users/mohammad.arshad/.m2/repository/com/fasterxml/jackson/module/jackson-module-parameter-names/2.10.1/jackson-module-parameter-names-2.10.1.jar:/Users/mohammad.arshad/.m2/repository/com/fasterxml/jackson/module/jackson-module-afterburner/2.10.1/jackson-module-afterburner-2.10.1.jar:/Users/mohammad.arshad/.m2/repository/com/fasterxml/jackson/datatype/jackson-datatype-joda/2.10.1/jackson-datatype-joda-2.10.1.jar:/Users/mohammad.arshad/.m2/repository/org/slf4j/slf4j-api/1.7.29/slf4j-api-1.7.29.jar:/Users/mohammad.arshad/.m2/repository/io/dropwizard/dropwizard-validation/2.0.0/dropwizard-validation-2.0.0.jar:/Users/mohammad.arshad/.m2/repository/org/hibernate/validator/hibernate-validator/6.1.0.Final/hibernate-validator-6.1.0.Final.jar:/Users/mohammad.arshad/.m2/repository/jakarta/validation/jakarta.validation-api/2.0.2/jakarta.validation-api-2.0.2.jar:/Users/mohammad.arshad/.m2/repository/org/jboss/logging/jboss-logging/3.3.2.Final/jboss-logging-3.3.2.Final.jar:/Users/mohammad.arshad/.m2/repository/com/fasterxml/classmate/1.3.4/classmate-1.3.4.jar:/Users/mohammad.arshad/.m2/repository/org/glassfish/jakarta.el/3.0.3/jakarta.el-3.0.3.jar:/Users/mohammad.arshad/.m2/repository/org/javassist/javassist/3.26.0-GA/javassist-3.26.0-GA.jar:/Users/mohammad.arshad/.m2/repository/io/dropwizard/dropwizard-configuration/2.0.0/dropwizard-configuration-2.0.0.jar:/Users/mohammad.arshad/.m2/repository/com/fasterxml/jackson/dataformat/jackson-dataformat-yaml/2.10.1/jackson-dataformat-yaml-2.10.1.jar:/Users/mohammad.arshad/.m2/repository/org/yaml/snakeyaml/1.24/snakeyaml-1.24.jar:/Users/mohammad.arshad/.m2/repository/org/apache/commons/commons-lang3/3.9/commons-lang3-3.9.jar:/Users/mohammad.arshad/.m2/repository/org/apache/commons/commons-text/1.8/commons-text-1.8.jar:/Users/mohammad.arshad/.m2/repository/io/dropwizard/dropwizard-logging/2.0.0/dropwizard-logging-2.0.0.jar:/Users/mohammad.arshad/.m2/repository/io/dropwizard/metrics/metrics-logback/4.1.2/metrics-logback-4.1.2.jar:/Users/mohammad.arshad/.m2/repository/org/slf4j/jul-to-slf4j/1.7.29/jul-to-slf4j-1.7.29.jar:/Users/mohammad.arshad/.m2/repository/ch/qos/logback/logback-core/1.2.3/logback-core-1.2.3.jar:/Users/mohammad.arshad/.m2/repository/ch/qos/logback/logback-classic/1.2.3/logback-classic-1.2.3.jar:/Users/mohammad.arshad/.m2/repository/io/dropwizard/logback/logback-throttling-appender/1.1.0/logback-throttling-appender-1.1.0.jar:/Users/mohammad.arshad/.m2/repository/org/slf4j/log4j-over-slf4j/1.7.29/log4j-over-slf4j-1.7.29.jar:/Users/mohammad.arshad/.m2/repository/org/slf4j/jcl-over-slf4j/1.7.29/jcl-over-slf4j-1.7.29.jar:/Users/mohammad.arshad/.m2/repository/org/eclipse/jetty/jetty-util/9.4.24.v20191120/jetty-util-9.4.24.v20191120.jar:/Users/mohammad.arshad/.m2/repository/io/dropwizard/dropwizard-metrics/2.0.0/dropwizard-metrics-2.0.0.jar:/Users/mohammad.arshad/.m2/repository/io/dropwizard/dropwizard-jersey/2.0.0/dropwizard-jersey-2.0.0.jar:/Users/mohammad.arshad/.m2/repository/org/glassfish/jersey/core/jersey-server/2.29.1/jersey-server-2.29.1.jar:/Users/mohammad.arshad/.m2/repository/org/glassfish/jersey/core/jersey-common/2.29.1/jersey-common-2.29.1.jar:/Users/mohammad.arshad/.m2/repository/org/glassfish/hk2/osgi-resource-locator/1.0.3/osgi-resource-locator-1.0.3.jar:/Users/mohammad.arshad/.m2/repository/com/sun/activation/jakarta.activation/1.2.1/jakarta.activation-1.2.1.jar:/Users/mohammad.arshad/.m2/repository/jakarta/ws/rs/jakarta.ws.rs-api/2.1.6/jakarta.ws.rs-api-2.1.6.jar:/Users/mohammad.arshad/.m2/repository/org/glassfish/jersey/media/jersey-media-jaxb/2.29.1/jersey-media-jaxb-2.29.1.jar:/Users/mohammad.arshad/.m2/repository/jakarta/annotation/jakarta.annotation-api/1.3.5/jakarta.annotation-api-1.3.5.jar:/Users/mohammad.arshad/.m2/repository/org/glassfish/hk2/external/jakarta.inject/2.6.1/jakarta.inject-2.6.1.jar:/Users/mohammad.arshad/.m2/repository/jakarta/xml/bind/jakarta.xml.bind-api/2.3.2/jakarta.xml.bind-api-2.3.2.jar:/Users/mohammad.arshad/.m2/repository/jakarta/activation/jakarta.activation-api/1.2.1/jakarta.activation-api-1.2.1.jar:/Users/mohammad.arshad/.m2/repository/org/glassfish/jersey/ext/jersey-metainf-services/2.29.1/jersey-metainf-services-2.29.1.jar:/Users/mohammad.arshad/.m2/repository/org/glassfish/jersey/ext/jersey-bean-validation/2.29.1/jersey-bean-validation-2.29.1.jar:/Users/mohammad.arshad/.m2/repository/org/glassfish/jersey/inject/jersey-hk2/2.29.1/jersey-hk2-2.29.1.jar:/Users/mohammad.arshad/.m2/repository/org/glassfish/hk2/hk2-locator/2.6.1/hk2-locator-2.6.1.jar:/Users/mohammad.arshad/.m2/repository/org/glassfish/hk2/external/aopalliance-repackaged/2.6.1/aopalliance-repackaged-2.6.1.jar:/Users/mohammad.arshad/.m2/repository/org/glassfish/hk2/hk2-api/2.6.1/hk2-api-2.6.1.jar:/Users/mohammad.arshad/.m2/repository/org/glassfish/hk2/hk2-utils/2.6.1/hk2-utils-2.6.1.jar:/Users/mohammad.arshad/.m2/repository/io/dropwizard/metrics/metrics-jersey2/4.1.2/metrics-jersey2-4.1.2.jar:/Users/mohammad.arshad/.m2/repository/com/fasterxml/jackson/jaxrs/jackson-jaxrs-json-provider/2.10.1/jackson-jaxrs-json-provider-2.10.1.jar:/Users/mohammad.arshad/.m2/repository/com/fasterxml/jackson/jaxrs/jackson-jaxrs-base/2.10.1/jackson-jaxrs-base-2.10.1.jar:/Users/mohammad.arshad/.m2/repository/com/fasterxml/jackson/module/jackson-module-jaxb-annotations/2.10.1/jackson-module-jaxb-annotations-2.10.1.jar:/Users/mohammad.arshad/.m2/repository/org/glassfish/jersey/containers/jersey-container-servlet/2.29.1/jersey-container-servlet-2.29.1.jar:/Users/mohammad.arshad/.m2/repository/org/glassfish/jersey/containers/jersey-container-servlet-core/2.29.1/jersey-container-servlet-core-2.29.1.jar:/Users/mohammad.arshad/.m2/repository/org/eclipse/jetty/jetty-server/9.4.24.v20191120/jetty-server-9.4.24.v20191120.jar:/Users/mohammad.arshad/.m2/repository/javax/servlet/javax.servlet-api/3.1.0/javax.servlet-api-3.1.0.jar:/Users/mohammad.arshad/.m2/repository/org/eclipse/jetty/jetty-io/9.4.24.v20191120/jetty-io-9.4.24.v20191120.jar:/Users/mohammad.arshad/.m2/repository/org/eclipse/jetty/jetty-webapp/9.4.24.v20191120/jetty-webapp-9.4.24.v20191120.jar:/Users/mohammad.arshad/.m2/repository/org/eclipse/jetty/jetty-xml/9.4.24.v20191120/jetty-xml-9.4.24.v20191120.jar:/Users/mohammad.arshad/.m2/repository/org/eclipse/jetty/jetty-continuation/9.4.24.v20191120/jetty-continuation-9.4.24.v20191120.jar:/Users/mohammad.arshad/.m2/repository/javax/xml/bind/jaxb-api/2.3.1/jaxb-api-2.3.1.jar:/Users/mohammad.arshad/.m2/repository/javax/activation/javax.activation-api/1.2.0/javax.activation-api-1.2.0.jar:/Users/mohammad.arshad/.m2/repository/io/dropwizard/dropwizard-servlets/2.0.0/dropwizard-servlets-2.0.0.jar:/Users/mohammad.arshad/.m2/repository/io/dropwizard/metrics/metrics-annotation/4.1.2/metrics-annotation-4.1.2.jar:/Users/mohammad.arshad/.m2/repository/io/dropwizard/dropwizard-jetty/2.0.0/dropwizard-jetty-2.0.0.jar:/Users/mohammad.arshad/.m2/repository/io/dropwizard/metrics/metrics-jetty9/4.1.2/metrics-jetty9-4.1.2.jar:/Users/mohammad.arshad/.m2/repository/org/eclipse/jetty/jetty-servlet/9.4.24.v20191120/jetty-servlet-9.4.24.v20191120.jar:/Users/mohammad.arshad/.m2/repository/org/eclipse/jetty/jetty-security/9.4.24.v20191120/jetty-security-9.4.24.v20191120.jar:/Users/mohammad.arshad/.m2/repository/org/eclipse/jetty/jetty-servlets/9.4.24.v20191120/jetty-servlets-9.4.24.v20191120.jar:/Users/mohammad.arshad/.m2/repository/org/eclipse/jetty/jetty-http/9.4.24.v20191120/jetty-http-9.4.24.v20191120.jar:/Users/mohammad.arshad/.m2/repository/io/dropwizard/dropwizard-lifecycle/2.0.0/dropwizard-lifecycle-2.0.0.jar:/Users/mohammad.arshad/.m2/repository/io/dropwizard/metrics/metrics-core/4.1.2/metrics-core-4.1.2.jar:/Users/mohammad.arshad/.m2/repository/io/dropwizard/metrics/metrics-jvm/4.1.2/metrics-jvm-4.1.2.jar:/Users/mohammad.arshad/.m2/repository/io/dropwizard/metrics/metrics-jmx/4.1.2/metrics-jmx-4.1.2.jar:/Users/mohammad.arshad/.m2/repository/io/dropwizard/metrics/metrics-servlets/4.1.2/metrics-servlets-4.1.2.jar:/Users/mohammad.arshad/.m2/repository/io/dropwizard/metrics/metrics-json/4.1.2/metrics-json-4.1.2.jar:/Users/mohammad.arshad/.m2/repository/com/helger/profiler/1.1.1/profiler-1.1.1.jar:/Users/mohammad.arshad/.m2/repository/io/dropwizard/metrics/metrics-healthchecks/4.1.2/metrics-healthchecks-4.1.2.jar:/Users/mohammad.arshad/.m2/repository/io/dropwizard/dropwizard-request-logging/2.0.0/dropwizard-request-logging-2.0.0.jar:/Users/mohammad.arshad/.m2/repository/ch/qos/logback/logback-access/1.2.3/logback-access-1.2.3.jar:/Users/mohammad.arshad/.m2/repository/net/sourceforge/argparse4j/argparse4j/0.8.1/argparse4j-0.8.1.jar:/Users/mohammad.arshad/.m2/repository/org/eclipse/jetty/toolchain/setuid/jetty-setuid-java/1.0.3/jetty-setuid-java-1.0.3.jar:/Users/mohammad.arshad/.m2/repository/io/dropwizard/dropwizard-testing/2.0.0/dropwizard-testing-2.0.0.jar:/Users/mohammad.arshad/.m2/repository/org/objenesis/objenesis/3.1/objenesis-3.1.jar:/Users/mohammad.arshad/.m2/repository/org/glassfish/jersey/test-framework/providers/jersey-test-framework-provider-inmemory/2.29.1/jersey-test-framework-provider-inmemory-2.29.1.jar:/Users/mohammad.arshad/.m2/repository/org/glassfish/jersey/test-framework/jersey-test-framework-core/2.29.1/jersey-test-framework-core-2.29.1.jar:/Users/mohammad.arshad/.m2/repository/jakarta/servlet/jakarta.servlet-api/4.0.3/jakarta.servlet-api-4.0.3.jar:/Users/mohammad.arshad/.m2/repository/org/glassfish/jersey/core/jersey-client/2.29.1/jersey-client-2.29.1.jar:/Users/mohammad.arshad/.m2/repository/junit/junit/4.12/junit-4.12.jar:/Users/mohammad.arshad/.m2/repository/org/hamcrest/hamcrest-core/1.3/hamcrest-core-1.3.jar:/Users/mohammad.arshad/.m2/repository/io/opentelemetry/opentelemetry-api/1.24.0/opentelemetry-api-1.24.0.jar:/Users/mohammad.arshad/.m2/repository/io/opentelemetry/opentelemetry-context/1.24.0/opentelemetry-context-1.24.0.jar:/Users/mohammad.arshad/.m2/repository/io/opentelemetry/opentelemetry-sdk/1.24.0/opentelemetry-sdk-1.24.0.jar:/Users/mohammad.arshad/.m2/repository/io/opentelemetry/opentelemetry-sdk-common/1.24.0/opentelemetry-sdk-common-1.24.0.jar:/Users/mohammad.arshad/.m2/repository/io/opentelemetry/opentelemetry-sdk-trace/1.24.0/opentelemetry-sdk-trace-1.24.0.jar:/Users/mohammad.arshad/.m2/repository/io/opentelemetry/opentelemetry-sdk-metrics/1.24.0/opentelemetry-sdk-metrics-1.24.0.jar:/Users/mohammad.arshad/.m2/repository/io/opentelemetry/opentelemetry-sdk-logs/1.24.0-alpha/opentelemetry-sdk-logs-1.24.0-alpha.jar:/Users/mohammad.arshad/.m2/repository/io/opentelemetry/opentelemetry-api-logs/1.24.0-alpha/opentelemetry-api-logs-1.24.0-alpha.jar:/Users/mohammad.arshad/.m2/repository/io/opentelemetry/opentelemetry-api-events/1.24.0-alpha/opentelemetry-api-events-1.24.0-alpha.jar:/Users/mohammad.arshad/.m2/repository/io/opentelemetry/opentelemetry-exporter-jaeger/1.24.0/opentelemetry-exporter-jaeger-1.24.0.jar:/Users/mohammad.arshad/.m2/repository/io/opentelemetry/opentelemetry-exporter-common/1.24.0/opentelemetry-exporter-common-1.24.0.jar:/Users/mohammad.arshad/.m2/repository/io/opentelemetry/opentelemetry-semconv/1.24.0-alpha/opentelemetry-semconv-1.24.0-alpha.jar:/Users/mohammad.arshad/.m2/repository/io/opentelemetry/opentelemetry-sdk-extension-autoconfigure-spi/1.24.0/opentelemetry-sdk-extension-autoconfigure-spi-1.24.0.jar:/Users/mohammad.arshad/.m2/repository/com/squareup/okhttp3/okhttp/4.10.0/okhttp-4.10.0.jar:/Users/mohammad.arshad/.m2/repository/com/squareup/okio/okio-jvm/3.0.0/okio-jvm-3.0.0.jar:/Users/mohammad.arshad/.m2/repository/org/jetbrains/kotlin/kotlin-stdlib-jdk8/1.5.31/kotlin-stdlib-jdk8-1.5.31.jar:/Users/mohammad.arshad/.m2/repository/org/jetbrains/kotlin/kotlin-stdlib-jdk7/1.5.31/kotlin-stdlib-jdk7-1.5.31.jar:/Users/mohammad.arshad/.m2/repository/org/jetbrains/kotlin/kotlin-stdlib-common/1.5.31/kotlin-stdlib-common-1.5.31.jar:/Users/mohammad.arshad/.m2/repository/org/jetbrains/kotlin/kotlin-stdlib/1.6.20/kotlin-stdlib-1.6.20.jar:/Users/mohammad.arshad/.m2/repository/org/jetbrains/annotations/13.0/annotations-13.0.jar:/Users/mohammad.arshad/.m2/repository/com/fasterxml/jackson/jr/jackson-jr-objects/2.14.2/jackson-jr-objects-2.14.2.jar:/Users/mohammad.arshad/.m2/repository/org/assertj/assertj-core/3.6.2/assertj-core-3.6.2.jar:/Users/mohammad.arshad/.m2/repository/org/junit/jupiter/junit-jupiter-api/5.4.2/junit-jupiter-api-5.4.2.jar:/Users/mohammad.arshad/.m2/repository/org/apiguardian/apiguardian-api/1.0.0/apiguardian-api-1.0.0.jar:/Users/mohammad.arshad/.m2/repository/org/opentest4j/opentest4j/1.1.1/opentest4j-1.1.1.jar:/Users/mohammad.arshad/.m2/repository/org/junit/platform/junit-platform-commons/1.4.2/junit-platform-commons-1.4.2.jar:/Users/mohammad.arshad/.m2/repository/org/junit/jupiter/junit-jupiter-engine/5.4.2/junit-jupiter-engine-5.4.2.jar:/Users/mohammad.arshad/.m2/repository/org/junit/platform/junit-platform-engine/1.4.2/junit-platform-engine-1.4.2.jar:"/>
    <property name="sun.cpu.endian" value="little"/>
    <property name="user.home" value="/Users/mohammad.arshad"/>
    <property name="user.language" value="en"/>
    <property name="java.specification.vendor" value="Oracle Corporation"/>
    <property name="java.version.date" value="2024-07-16"/>
    <property name="java.home" value="/Library/Java/JavaVirtualMachines/jdk-17.jdk/Contents/Home"/>
    <property name="file.separator" value="/"/>
    <property name="basedir" value="/Users/mohammad.arshad/Documents/otel/dropwizard-otel"/>
    <property name="java.vm.compressedOopsMode" value="Zero based"/>
    <property name="line.separator" value="&#10;"/>
    <property name="java.vm.specification.vendor" value="Oracle Corporation"/>
    <property name="java.specification.name" value="Java Platform API Specification"/>
    <property name="surefire.real.class.path" value="/Users/mohammad.arshad/Documents/otel/dropwizard-otel/target/surefire/surefirebooter2668817850658281955.jar"/>
    <property name="sun.management.compiler" value="HotSpot 64-Bit Tiered Compilers"/>
    <property name="java.runtime.version" value="17.0.12+8-LTS-286"/>
    <property name="user.name" value="mohammad.arshad"/>
    <property name="path.separator" value=":"/>
    <property name="os.version" value="15.2"/>
    <property name="java.runtime.name" value="Java(TM) SE Runtime Environment"/>
    <property name="file.encoding" value="UTF-8"/>
    <property name="java.vm.name" value="Java HotSpot(TM) 64-Bit Server VM"/>
    <property name="localRepository" value="/Users/mohammad.arshad/.m2/repository"/>
    <property name="java.vendor.url.bug" value="https://bugreport.java.com/bugreport/"/>
    <property name="java.io.tmpdir" value="/var/folders/0c/tc5l4p01055306cw6bxvlmf00000gp/T/"/>
    <property name="java.version" value="17.0.12"/>
    <property name="user.dir" value="/Users/mohammad.arshad/Documents/otel/dropwizard-otel"/>
    <property name="os.arch" value="aarch64"/>
    <property name="java.vm.specification.name" value="Java Virtual Machine Specification"/>
    <property name="native.encoding" value="UTF-8"/>
    <property name="java.library.path" value="/Users/mohammad.arshad/Library/Java/Extensions:/Library/Java/Extensions:/Network/Library/Java/Extensions:/System/Library/Java/Extensions:/usr/lib/java:."/>
    <property name="java.vm.info" value="mixed mode, sharing"/>
    <property name="java.vendor" value="Oracle Corporation"/>
    <property name="java.vm.version" value="17.0.12+8-LTS-286"/>
    <property name="sun.io.unicode.encoding" value="UnicodeBig"/>
    <property name="java.class.version" value="61.0"/>
  </properties>
  <testcase name="nonEmptyConfigShouldPassHealthCheck" classname="com.mycompany.helloworld.health.TestHealthCheck" time="0.019"/>
  <testcase name="nullConfigShouldFailHealthCheck" classname="com.mycompany.helloworld.health.TestHealthCheck" time="0.002"/>
</testsuite>